<?xml version="1.0" encoding="UTF-8"?>
<!-- Generated by org.testng.reporters.JUnitXMLReporter -->
<testsuite ignored="0" hostname="DESKTOP-64BULFN" failures="0" tests="4" name="Default test" time="46.257" errors="0" timestamp="2023-10-26T17:16:10 IST">
  <testcase classname="testData.LoginPageTest" name="performLogin" time="10.998"/>
  <testcase classname="testData.LoginPageTest" name="verifyHomePage" time="6.661"/>
  <testcase classname="testData.LoginPageTest" name="verifySeviceListPage" time="6.557"/>
  <testcase classname="testData.LoginPageTest" name="verifyDateAndTimePage" time="13.157"/>
</testsuite> <!-- Default test -->
